{"/Users/lecaoquochung/me/projects/lehungio/javascript/challenges.js": {"path":"/Users/lecaoquochung/me/projects/lehungio/javascript/challenges.js","statementMap":{"0":{"start":{"line":18,"column":19},"end":{"line":40,"column":3}},"1":{"start":{"line":21,"column":6},"end":{"line":21,"column":35}},"2":{"start":{"line":26,"column":6},"end":{"line":26,"column":34}},"3":{"start":{"line":32,"column":6},"end":{"line":32,"column":42}},"4":{"start":{"line":33,"column":6},"end":{"line":33,"column":44}},"5":{"start":{"line":36,"column":28},"end":{"line":36,"column":52}},"6":{"start":{"line":38,"column":6},"end":{"line":38,"column":27}},"7":{"start":{"line":43,"column":2},"end":{"line":43,"column":30}}},"fnMap":{"0":{"name":"(anonymous_0)","decl":{"start":{"line":20,"column":16},"end":{"line":20,"column":17}},"loc":{"start":{"line":20,"column":22},"end":{"line":22,"column":5}},"line":20},"1":{"name":"(anonymous_1)","decl":{"start":{"line":25,"column":8},"end":{"line":25,"column":9}},"loc":{"start":{"line":25,"column":18},"end":{"line":27,"column":5}},"line":25},"2":{"name":"(anonymous_2)","decl":{"start":{"line":30,"column":21},"end":{"line":30,"column":22}},"loc":{"start":{"line":30,"column":50},"end":{"line":39,"column":5}},"line":30}},"branchMap":{},"s":{"0":3,"1":2,"2":1,"3":1,"4":1,"5":1,"6":1,"7":3},"f":{"0":2,"1":1,"2":1},"b":{},"_coverageSchema":"1a1c01bbd47fc00a2c39e90264f33305004495a9","hash":"748488d1fc6ead735ad9492ad8737e8a5e77369c"}
}
